0.607675906183
0.657417482771
0.631140119218
0.600639658849
0.63917211329
0.621285140562
0.593472073995
0.721277656873
0.683023001095
0.60170575693
0.558782190787
0.587357579416
0.612153518124
0.702646502836
0.667135050742
0.526193247963
0.707390873016
0.65467685319
0.501748251748
0.637902264601
0.573945707315
0.602466977467
0.661072705602
0.627599426868
0.618393480792
0.689186507937
0.658682634731
0.516298020955
0.563245823389
0.567497966929
0.510178117048
0.675835773133
0.622685788787
0.51334180432
0.700687682985
0.646050347222
0.602287166455
0.776485788114
0.727200768926
0.606099110546
0.632500717772
0.614575677051
0.507623888183
0.605081826012
0.550715214564
0.442804428044
0.700533919598
0.650435422544
0.752587322122
0.744776029783
0.732737302644
0.504521963824
0.639684633748
0.598477883338
0.509202453988
0.654088050314
0.609957805907
0.580917237744
0.699591708543
0.657549368331
0.5875382263
0.660889929742
0.611129962674
0.59872611465
0.608766233766
0.59409190372
0.798169336384
0.707276368491
0.711335075277
0.511467889908
0.598548064085
0.551599526066
0.504246284501
0.568954854669
0.546297362663
