0.515991471215
0.677230685528
0.642760129782
0.604904051173
0.65734204793
0.643811610077
0.589203130559
0.662314109539
0.637112084702
0.601066098081
0.603803953573
0.593846676224
0.598507462687
0.671502835539
0.632708821233
0.522118742724
0.739037698413
0.688891183151
0.518648018648
0.707127532777
0.650505363436
0.522144522145
0.662359952324
0.620725709639
0.611175785797
0.677827380952
0.652529423911
0.707799767171
0.642509638333
0.643225031948
0.668999151824
0.599952338803
0.601642764016
0.608640406607
0.678627357527
0.655164930556
0.598983481576
0.723801320701
0.684344433765
0.607115628971
0.717700258398
0.683100582349
0.514612452351
0.656474303761
0.605190252728
0.715867158672
0.74502721943
0.721043378715
0.505174644243
0.633781674072
0.665826517025
0.709302325581
0.705930393265
0.702114618449
0.600245398773
0.577886792453
0.562172995781
0.507995079951
0.681427973199
0.625822805511
0.667048929664
0.597658079625
0.594955321796
0.596178343949
0.573747680891
0.55579868709
0.700686498856
0.710113484646
0.746049520966
0.673547400612
0.71261682243
0.692298578199
0.506369426752
0.530225726654
0.520787746171
