loss	sse	Lt	Lp	epoch	time
230823.78886	230261.15438	1735.62315	859.11687	1	2019-12-12T11:09:55.522
195192.47266	194188.46111	6058.17871	271.63228	4	2019-12-12T11:28:38.67
171021.47419	168624.78276	9624.14874	335.90725	7	2019-12-12T11:48:23.444
154632.48863	151462.56599	12100.25944	534.52077	10	2019-12-12T12:07:01.634
141919.76545	138392.74366	13956.73447	453.09632	13	2019-12-12T12:26:42.274
132232.67931	128070.92369	15486.78768	545.85146	16	2019-12-12T12:46:27.48
124330.57706	119675.45572	16754.32244	545.17660	19	2019-12-12T13:06:20.484
117724.08195	112751.73630	17797.65462	548.84239	22	2019-12-12T13:25:35.783
112168.32733	106992.58611	18653.74301	482.25341	25	2019-12-12T13:46:06.939
107512.31402	102106.13700	19354.48274	530.92993	28	2019-12-12T14:05:55.953
103491.16000	97916.89569	19930.04506	499.84991	31	2019-12-12T14:26:08.515
100053.45309	94301.16418	20410.06237	538.41850	34	2019-12-12T14:45:00.774
97052.82331	91149.11707	20814.72486	538.45197	37	2019-12-12T15:04:32.885
94435.24876	88385.22446	21158.90441	569.12236	40	2019-12-12T15:23:55.851
92105.42310	85952.50994	21453.42816	529.16000	43	2019-12-12T15:43:32.754
90077.01371	83803.50544	21705.53114	545.10740	46	2019-12-12T16:03:07.397
88283.89491	81900.40913	21920.84892	560.43465	49	2019-12-12T16:23:24.688
86702.27483	80208.82582	22104.07253	590.53227	52	2019-12-12T16:42:07.79
85286.28353	78700.81327	22260.52147	596.87958	55	2019-12-12T17:01:10.353
84024.38684	77348.42633	22395.22552	613.73342	58	2019-12-12T17:20:09.866
82873.06110	76130.77569	22512.23407	593.44841	61	2019-12-12T17:39:24.689
81844.36068	75030.58383	22614.64511	594.99936	64	2019-12-12T17:58:52.709
80910.10542	74031.23381	22704.72896	592.66273	67	2019-12-12T18:18:21.006
80082.56301	73122.18044	22784.63898	638.55854	70	2019-12-12T18:37:56.002
79313.21675	72292.31772	22855.92723	649.25566	73	2019-12-12T18:56:34.644
78596.74107	71531.87487	22919.49268	624.93127	76	2019-12-12T19:15:45.878
77938.66696	70833.27989	22977.08426	611.79857	79	2019-12-12T19:34:28.74
77352.27854	70189.05461	23029.64886	641.45727	82	2019-12-12T19:54:15.33
76799.72369	69593.67734	23077.77482	644.35071	85	2019-12-12T20:12:39.794
76295.31164	69042.34236	23122.23473	668.42394	88	2019-12-12T20:31:52.008
75820.68887	68529.53549	23163.62061	676.08355	91	2019-12-12T20:50:35.821
75369.06034	68051.90126	23202.38009	661.19331	94	2019-12-12T21:10:10.954
74947.46574	67605.95492	23239.43853	650.72294	97	2019-12-12T21:29:10.847
74563.31430	67188.39099	23274.51065	662.18852	100	2019-12-12T21:49:12.098
74198.06726	66795.87242	23307.48923	659.40850	103	2019-12-12T22:08:22.405
73872.29666	66428.61982	23338.81024	699.92549	106	2019-12-12T22:27:59.657
73549.89002	66082.38651	23368.84825	703.16871	109	2019-12-12T22:46:58.542
73236.84745	65755.63158	23397.15987	687.33235	112	2019-12-12T23:05:19.471
72936.75953	65448.26288	23424.04434	659.84246	115	2019-12-12T23:24:00.53
72670.15643	65157.66760	23449.55524	678.03288	118	2019-12-12T23:42:29.662
72411.00759	64882.21470	23473.85065	681.80307	121	2019-12-13T00:01:51.58
72173.73528	64621.11063	23497.37062	704.14945	124	2019-12-13T00:20:55.681
71936.45101	64373.22739	23520.06945	700.89967	127	2019-12-13T00:40:36.019
71717.91960	64137.79702	23541.99421	711.49988	130	2019-12-13T00:59:14.631
71496.11990	63913.42087	23563.27280	692.31771	133	2019-12-13T01:18:26.182
71290.33623	63699.04017	23583.75274	687.40966	136	2019-12-13T01:37:52.522
71091.60061	63495.22342	23603.40403	680.18900	139	2019-12-13T01:57:19.35
70922.16031	63299.85569	23622.28561	720.44227	142	2019-12-13T02:16:20.837
70745.70582	63113.84842	23640.16941	724.52200	145	2019-12-13T02:35:41.233
70566.62803	62936.33903	23657.25736	707.03696	148	2019-12-13T02:55:14.677
70398.87648	62766.41013	23673.82018	699.72616	151	2019-12-13T03:14:02.854
70238.28559	62603.12927	23689.71212	696.53119	154	2019-12-13T03:33:22.679
70083.67614	62446.09267	23705.08346	688.62445	157	2019-12-13T03:52:21.049
69955.15896	62296.24304	23719.79908	730.95958	160	2019-12-13T04:11:31.25
69813.61443	62151.90475	23734.06999	728.76669	163	2019-12-13T04:30:30.427
69672.55912	62013.46968	23747.79044	718.01294	166	2019-12-13T04:49:29.042
69539.68279	61879.91416	23761.17599	713.79307	169	2019-12-13T05:09:12.487
69404.34285	61750.94097	23774.18527	695.59737	172	2019-12-13T05:28:43.818
69276.34293	61627.18002	23786.58738	682.70185	175	2019-12-13T05:47:34.841
69183.50190	61507.66870	23798.39180	741.89906	178	2019-12-13T06:06:09.62
69068.79076	61392.38991	23809.64420	739.65882	181	2019-12-13T06:25:28.552
68949.07619	61281.47106	23820.69101	722.09960	184	2019-12-13T06:44:31.078
68833.21690	61173.76061	23831.31407	701.05208	187	2019-12-13T07:03:47.244
68738.07690	61070.10900	23841.48805	721.82520	190	2019-12-13T07:22:51.442
68637.73498	60969.29862	23851.53576	723.83231	193	2019-12-13T07:41:39.411
68544.58114	60871.88806	23861.09174	738.08486	196	2019-12-13T08:00:39.092
68448.16565	60777.47532	23870.40242	732.95929	199	2019-12-13T08:19:21.778
68350.72408	60686.00455	23879.14892	722.82749	202	2019-12-13T08:38:11.441
68253.25116	60597.97292	23887.47555	703.64302	205	2019-12-13T08:57:28.636
68167.82750	60512.02899	23895.91878	708.12201	208	2019-12-13T09:16:52.774
68081.49518	60428.85714	23903.93569	704.25095	211	2019-12-13T09:36:21.505
68017.89326	60348.26465	23911.60602	746.10018	214	2019-12-13T09:55:36.165
67941.80960	60270.17455	23918.97588	754.65387	217	2019-12-13T10:14:57.074
67859.14977	60193.41736	23926.29661	741.76976	220	2019-12-13T10:34:22.178
67770.41864	60119.90053	23933.10800	712.54877	223	2019-12-13T10:53:33.871
67702.33375	60048.94659	23939.44164	722.77797	226	2019-12-13T11:12:46.11
67624.72954	59979.24804	23945.93934	710.16703	229	2019-12-13T11:31:42.985
67568.13175	59911.70666	23951.96156	740.58125	232	2019-12-13T11:50:33.641
67503.03401	59846.05469	23957.66386	748.28141	235	2019-12-13T12:09:34.179
67427.96391	59781.71796	23963.42462	728.83073	238	2019-12-13T12:28:27.217
67356.94597	59719.50474	23969.01634	716.10625	241	2019-12-13T12:47:45.016
67292.70114	59659.01599	23974.48554	709.39601	244	2019-12-13T13:07:20.258
67227.20027	59599.43942	23979.79802	701.80714	247	2019-12-13T13:27:14.405
67192.65874	59542.16371	23984.87683	761.62225	250	2019-12-13T13:45:42.313
67134.78322	59486.73420	23989.61300	764.34193	253	2019-12-13T14:04:49.34
67062.14256	59432.23692	23994.08287	729.08980	256	2019-12-13T14:22:58.669
66996.83688	59379.15775	23998.48969	706.38470	259	2019-12-13T14:41:33.719
66949.76135	59327.55330	24002.67019	725.49934	262	2019-12-13T15:00:23.51
66896.40438	59276.98962	24006.72764	723.44631	265	2019-12-13T15:19:14.869
66855.36198	59227.50957	24010.80880	750.52266	268	2019-12-13T15:38:13.264
66804.40266	59179.45833	24014.82696	747.68943	271	2019-12-13T15:58:11.829
66752.27847	59132.51835	24018.39135	744.14038	274	2019-12-13T16:17:05.289
66694.89451	59087.16879	24021.77549	725.57596	277	2019-12-13T16:36:10.43
66647.55166	59042.64908	24025.37085	726.93322	280	2019-12-13T16:54:24.152
66597.57346	58998.86478	24028.92806	719.42459	283	2019-12-13T17:13:06.185
66564.40843	58955.77824	24032.13544	748.76997	286	2019-12-13T17:31:38.994
66521.71337	58914.48090	24035.23488	754.47324	289	2019-12-13T17:50:35.723
66469.97413	58873.88849	24037.95830	734.37529	292	2019-12-13T18:09:25.389
66418.27819	58834.05175	24040.52150	715.62782	295	2019-12-13T18:28:49.193
66381.39243	58795.58281	24042.98207	725.76536	298	2019-12-13T18:47:57.572
66338.61185	58757.46016	24045.69462	725.59445	301	2019-12-13T19:07:02.262
66315.62952	58720.41491	24048.13762	761.78428	304	2019-12-13T19:26:07.875
66268.55458	58683.89631	24050.47503	746.65988	307	2019-12-13T19:45:27.741
66233.30193	58648.30031	24052.71344	751.12379	310	2019-12-13T20:04:59.763
66184.61843	58613.88606	24054.60386	728.84963	313	2019-12-13T20:24:16.005
66136.80997	58580.49960	24056.26489	704.47402	316	2019-12-13T20:43:28.962
66102.93150	58547.41244	24058.07771	710.33885	319	2019-12-13T21:02:24.075
66085.79623	58514.78574	24059.96836	754.02854	322	2019-12-13T21:21:08.575
66050.26303	58482.62943	24061.45462	754.29608	325	2019-12-13T21:40:32.883
66013.91326	58451.91987	24062.93738	751.10127	328	2019-12-13T21:59:35.941
65970.75528	58421.61846	24064.58058	728.21204	331	2019-12-13T22:19:31.76
65938.90155	58391.38707	24066.01158	733.11231	334	2019-12-13T22:37:59.108
65905.33907	58362.36899	24067.26105	729.23052	337	2019-12-13T22:56:51.77
65881.41818	58333.88300	24068.45305	751.70215	340	2019-12-13T23:16:01.455
65846.11988	58306.06598	24069.82114	745.07143	343	2019-12-13T23:35:54.988
65815.53411	58278.23925	24071.07907	743.62828	346	2019-12-13T23:55:22.527
65779.21571	58251.17854	24072.21687	732.59676	349	2019-12-14T00:14:48.864
65745.49198	58225.43616	24073.38052	722.64226	352	2019-12-14T00:34:32.112
65714.99128	58199.28437	24074.26676	717.95195	355	2019-12-14T00:53:10.923
65704.72049	58173.65483	24075.06162	763.93161	358	2019-12-14T01:12:07.848
65680.88290	58148.85568	24076.19857	775.23438	361	2019-12-14T01:31:23.95
65642.25129	58124.34943	24077.26899	751.15781	364	2019-12-14T01:49:52.867
65603.84520	58099.71923	24078.22957	725.34921	367	2019-12-14T02:08:23.842
65583.59349	58076.65756	24078.66178	744.28275	370	2019-12-14T02:26:31.869
65548.07408	58053.68654	24079.28840	722.14591	373	2019-12-14T02:46:10.907
65535.79432	58031.10013	24079.72892	754.93167	376	2019-12-14T03:04:50.287
65509.00593	58009.05672	24079.95450	753.43389	379	2019-12-14T03:24:09.737
65472.68761	57987.27622	24080.46693	729.79368	382	2019-12-14T03:42:51.269
65446.40960	57966.14128	24080.78168	725.26513	385	2019-12-14T04:02:25.59
65423.52042	57944.71427	24081.15875	729.95232	388	2019-12-14T04:21:25.381
65394.42734	57924.46098	24081.42925	719.08290	391	2019-12-14T04:40:34.953
65394.26988	57904.45581	24081.74196	774.53727	394	2019-12-14T05:00:27.046
65368.44505	57884.30677	24082.26766	770.85096	397	2019-12-14T05:20:14.064
65334.05296	57864.72451	24082.45808	743.34388	400	2019-12-14T05:39:44.015
65303.21525	57845.72802	24082.69200	725.03615	403	2019-12-14T05:58:53.972
65279.38260	57826.55684	24082.74712	722.02269	406	2019-12-14T06:17:56.481
65258.04772	57808.35535	24082.80909	723.82560	409	2019-12-14T06:36:37.067
65245.33132	57790.61532	24082.67989	747.65344	412	2019-12-14T06:56:01.202
65225.71819	57772.54113	24082.85985	751.16816	415	2019-12-14T07:15:02.392
65203.77639	57754.97371	24082.79253	750.29232	418	2019-12-14T07:34:47.252
65177.77612	57737.88394	24083.07974	738.15590	421	2019-12-14T07:53:42.582
65149.91281	57720.80895	24083.11144	723.07160	424	2019-12-14T08:12:34.866
65125.39448	57703.84114	24083.06889	714.85870	427	2019-12-14T08:31:12.091
65127.26149	57687.67613	24083.02053	767.00990	430	2019-12-14T08:49:55.678
65108.50791	57671.82422	24083.08292	769.21022	433	2019-12-14T09:08:58.116
65080.09575	57655.58819	24083.15440	747.10697	436	2019-12-14T09:27:55.072
65049.32360	57640.04199	24083.11504	718.80309	439	2019-12-14T09:47:48.485
65038.72484	57625.41264	24082.79092	739.53321	442	2019-12-14T10:06:50.326
65016.12716	57610.40683	24082.75508	731.75804	445	2019-12-14T10:25:56.184
65010.47580	57595.17912	24082.73779	761.64527	448	2019-12-14T10:44:42.949
64992.21592	57581.26574	24082.50169	762.88095	451	2019-12-14T11:03:51.902
64966.48903	57566.16650	24082.65837	744.02906	454	2019-12-14T11:23:08.6
64940.10452	57552.01269	24082.65324	726.77292	457	2019-12-14T11:42:39.305
64928.44308	57538.35062	24082.50162	739.53474	460	2019-12-14T12:01:49.675
64905.53689	57524.24206	24082.40301	726.78544	463	2019-12-14T12:21:58.52
64905.60922	57510.93632	24082.23730	767.00104	466	2019-12-14T12:40:14.934
64888.87789	57497.64409	24082.12981	766.90345	469	2019-12-14T12:58:38.51
64864.98639	57484.18315	24081.76970	751.00106	472	2019-12-14T13:17:51.696
64835.86747	57471.51306	24081.17421	719.77366	475	2019-12-14T13:37:29.462
64828.15680	57459.06189	24080.88945	741.72179	478	2019-12-14T13:56:59.485
64812.25605	57446.13669	24080.57949	741.44952	481	2019-12-14T14:16:10.58
64799.10650	57433.88725	24079.90331	747.57857	484	2019-12-14T14:35:00.168
64785.05177	57421.98775	24079.48027	751.09285	487	2019-12-14T14:53:47.414
64768.49248	57409.49340	24079.45074	746.81271	490	2019-12-14T15:12:44.597
64744.45879	57397.79882	24078.96855	724.71482	493	2019-12-14T15:29:46.338
64729.65534	57386.33464	24078.30214	726.68985	496	2019-12-14T15:46:52.672
64717.08248	57375.09095	24077.46479	731.22090	499	2019-12-14T16:03:37.47
