loss	sse	Lt	Lp	epoch	time
124320.00568	118764.03731	1696.92706	856.12819	1	2019-12-16T11:44:22.167
105220.52583	97631.18816	5065.56506	224.36227	4	2019-12-16T12:03:18.968
94929.03638	82700.35735	7580.31166	200.78161	7	2019-12-16T12:22:18.366
88963.04754	73258.32305	9190.66291	373.62290	10	2019-12-16T12:41:07.763
83282.20440	66717.01471	10208.55721	273.00862	13	2019-12-16T13:00:10.459
79421.06169	61957.13289	10892.95017	329.88987	16	2019-12-16T13:18:40.694
76000.34296	58224.02481	11391.12591	299.55900	19	2019-12-16T13:37:22.645
73205.85995	55187.15812	11760.88175	282.67700	22	2019-12-16T13:56:03.531
70595.74021	52734.53606	12029.33889	199.38340	25	2019-12-16T14:14:24.635
68832.41952	50752.98064	12217.45971	232.30502	28	2019-12-16T14:32:36.072
66999.83225	49121.72468	12351.40243	185.77512	31	2019-12-16T14:51:04.422
65703.13837	47736.25717	12452.48768	209.91817	34	2019-12-16T15:09:55.984
64429.99876	46521.93925	12534.32270	196.65794	37	2019-12-16T15:28:09.393
63447.79470	45453.41161	12602.63932	214.93705	40	2019-12-16T15:47:03.388
62295.74774	44522.41312	12660.99499	163.27890	43	2019-12-16T16:05:43.159
61493.21139	43695.17878	12713.67917	168.26032	46	2019-12-16T16:24:20.693
60784.66900	42950.86304	12762.81187	173.49868	49	2019-12-16T16:43:24.182
60217.63681	42275.08727	12809.60208	193.96763	52	2019-12-16T17:02:43.76
59623.51163	41664.06835	12853.82644	191.64118	55	2019-12-16T17:21:37.529
59131.85288	41111.26051	12894.35544	200.20157	58	2019-12-16T17:41:25.274
58534.28421	40609.53696	12932.12617	172.30545	61	2019-12-16T18:00:30.027
58076.51995	40150.02316	12967.10532	166.87084	64	2019-12-16T18:19:24.654
57636.56657	39728.92716	12999.97367	157.60323	67	2019-12-16T18:37:20.084
57439.42476	39342.61539	13030.90309	197.18276	70	2019-12-16T18:55:08.59
57122.25166	38985.31281	13060.13533	201.88922	73	2019-12-16T19:13:35.829
56680.20957	38649.54158	13088.12155	171.58440	76	2019-12-16T19:32:06.204
56313.86809	38337.08450	13115.40809	153.25863	79	2019-12-16T19:50:15.109
56145.65158	38041.58374	13141.36481	178.10942	82	2019-12-16T20:08:24.678
55885.78283	37766.16055	13165.83241	176.50050	85	2019-12-16T20:26:40.533
55728.88784	37507.71217	13188.53805	196.45779	88	2019-12-16T20:44:06.345
55522.09989	37261.42716	13210.68747	200.37483	91	2019-12-16T21:02:32.882
55229.45077	37027.88548	13231.47228	181.62145	94	2019-12-16T21:21:47.037
54972.07668	36807.54881	13251.16818	167.82193	97	2019-12-16T21:41:26.672
54817.96939	36597.48428	13268.82207	176.03102	100	2019-12-16T22:00:02.459
54612.41237	36401.41691	13284.97536	169.99499	103	2019-12-16T22:19:46.708
54606.28587	36217.27062	13299.30612	207.96667	106	2019-12-16T22:38:10.202
54444.07270	36036.79164	13312.83317	208.53254	109	2019-12-16T22:56:22.053
54212.63872	35867.35047	13324.74921	190.19129	112	2019-12-16T23:15:08.072
53939.65208	35708.09479	13335.55974	160.40268	115	2019-12-16T23:34:52.304
53865.62937	35555.10197	13345.41923	176.47841	118	2019-12-16T23:53:52.844
53740.75154	35411.57908	13354.52887	178.37779	121	2019-12-17T00:13:02.694
53696.74036	35275.85884	13363.32700	198.88095	124	2019-12-17T00:31:36.999
53553.24206	35141.21549	13373.02981	193.91213	127	2019-12-17T00:49:39.793
53470.52539	35011.53542	13382.29866	202.68884	130	2019-12-17T01:08:27.283
53269.88450	34887.38085	13390.72587	182.02575	133	2019-12-17T01:27:19.853
53129.89356	34767.10603	13399.12389	175.36699	136	2019-12-17T01:46:17.94
52985.70851	34653.51161	13406.75108	166.84217	139	2019-12-17T02:05:30.453
53054.08210	34542.99937	13413.67527	206.00936	142	2019-12-17T02:24:21.405
52967.22517	34436.12103	13420.36506	209.00778	145	2019-12-17T02:43:50.067
52790.87566	34334.86018	13426.77431	190.28189	148	2019-12-17T03:02:47.617
52665.18530	34233.73309	13433.32586	181.98866	151	2019-12-17T03:21:53.338
52557.27203	34136.40738	13438.99372	177.99703	154	2019-12-17T03:40:24.587
52433.50888	34046.46210	13443.50214	169.00012	157	2019-12-17T03:58:27.961
52526.36572	33957.76700	13448.16737	210.55158	160	2019-12-17T04:17:52.626
52433.83033	33869.64753	13452.47198	207.60514	163	2019-12-17T04:36:38.726
52305.52335	33786.31192	13456.92743	195.97315	166	2019-12-17T04:55:30.426
52208.57191	33705.80279	13460.56479	191.01963	169	2019-12-17T05:14:28.741
52055.95901	33628.21062	13464.22211	172.26720	172	2019-12-17T05:33:08.137
51925.46640	33550.66825	13467.92217	158.90767	175	2019-12-17T05:52:02.535
52107.47556	33476.32651	13471.07737	217.72886	178	2019-12-17T06:11:10.609
52026.56506	33406.04122	13473.41770	215.02816	181	2019-12-17T06:29:45.838
51883.38588	33335.55629	13476.30246	196.68661	184	2019-12-17T06:48:17.423
51723.89214	33266.84298	13478.91183	175.07764	187	2019-12-17T07:07:24.013
51751.50036	33201.78652	13480.92073	195.59474	190	2019-12-17T07:26:17.637
51696.89006	33138.47044	13483.49307	196.96135	193	2019-12-17T07:45:13.315
51695.81564	33076.40089	13486.43318	211.20556	196	2019-12-17T08:04:11.47
51614.01965	33014.72416	13489.43306	205.88494	199	2019-12-17T08:22:38.21
51510.24129	32956.53559	13492.28100	195.14680	202	2019-12-17T08:41:20.681
51370.84307	32895.69033	13495.43764	175.66512	205	2019-12-17T09:00:18.545
51335.77875	32837.94802	13498.03978	180.03963	208	2019-12-17T09:18:42.634
51261.78798	32783.93565	13499.73840	175.73752	211	2019-12-17T09:37:17.145
51390.14967	32727.74741	13502.08192	217.48726	214	2019-12-17T09:56:02.033
51375.92188	32677.30371	13504.17403	226.00793	217	2019-12-17T10:15:08.472
51267.24323	32623.93550	13506.17616	212.53477	220	2019-12-17T10:34:14.968
51094.85622	32572.36328	13508.53525	183.22068	223	2019-12-17T10:53:03.284
51088.91497	32524.61386	13510.14449	193.27383	226	2019-12-17T11:12:45.806
50990.60190	32476.92997	13511.72803	180.55949	229	2019-12-17T11:32:10.543
51075.07175	32431.00320	13513.48795	210.95817	232	2019-12-17T11:51:33.655
51062.68332	32383.90004	13515.21634	218.60853	235	2019-12-17T12:10:32.248
50935.75301	32337.73298	13516.88160	198.96515	238	2019-12-17T12:29:22.504
50835.05512	32292.62504	13518.27192	186.06143	241	2019-12-17T12:48:12.792
50765.61234	32250.27178	13519.39052	179.21596	244	2019-12-17T13:07:14.457
50690.17200	32207.92407	13520.11998	171.37023	247	2019-12-17T13:26:11.85
50907.29272	32168.81194	13520.95497	231.23122	250	2019-12-17T13:44:36.903
50875.38118	32126.11951	13522.36774	233.88430	253	2019-12-17T14:03:45.037
50685.08527	32087.39821	13523.41189	198.50539	256	2019-12-17T14:22:48.729
50547.41065	32048.84964	13525.38655	175.72180	259	2019-12-17T14:42:18.02
50591.63535	32007.66057	13527.28477	194.97962	262	2019-12-17T15:00:41.947
50544.63000	31969.69598	13528.51588	192.82805	265	2019-12-17T15:19:35.594
50623.94537	31934.08492	13530.34893	219.65481	268	2019-12-17T15:38:03.722
50574.12884	31896.56943	13531.48806	216.74706	271	2019-12-17T15:57:08.662
50524.43171	31860.14384	13533.09255	213.13795	274	2019-12-17T16:16:07.72
50409.35313	31822.98128	13534.45197	194.53766	277	2019-12-17T16:35:25.091
50382.65014	31790.31003	13535.19193	195.96156	280	2019-12-17T16:54:30.783
50314.29073	31757.71497	13535.55260	188.46518	283	2019-12-17T17:13:22.485
50409.07784	31722.91726	13536.61679	217.89939	286	2019-12-17T17:32:51.953
50398.55724	31688.87749	13538.22997	223.68325	289	2019-12-17T17:52:10.407
50281.79374	31656.30085	13538.82338	203.42098	292	2019-12-17T18:11:05.138
50167.51121	31624.30287	13539.24228	184.57721	295	2019-12-17T18:29:33.382
50181.88997	31594.79458	13539.89760	194.85373	298	2019-12-17T18:48:44.59
50149.29831	31564.28708	13540.38184	194.68038	301	2019-12-17T19:07:46.6
50272.94368	31534.26851	13541.25211	230.80712	304	2019-12-17T19:26:49.286
50179.89191	31501.77856	13542.31260	215.85453	307	2019-12-17T19:45:29.482
50169.93716	31473.47585	13542.83138	220.16051	310	2019-12-17T20:03:54.551
50047.11136	31444.73216	13542.95619	198.01884	313	2019-12-17T20:21:46.986
49913.76691	31416.09808	13542.77673	173.68364	316	2019-12-17T20:40:31.108
49909.71763	31390.89639	13542.39184	179.42346	319	2019-12-17T20:58:53.66
50071.18830	31363.61211	13542.83146	223.35185	322	2019-12-17T21:17:27.213
50041.99177	31334.47122	13543.25784	223.69825	325	2019-12-17T21:36:18.254
50005.34391	31307.56657	13543.30212	220.66461	328	2019-12-17T21:54:36.822
49877.52216	31283.74761	13543.10929	197.83978	331	2019-12-17T22:13:26.897
49872.45426	31259.72366	13543.21677	202.61565	334	2019-12-17T22:31:30.431
49829.59345	31231.24444	13543.69833	198.74319	337	2019-12-17T22:50:15.42
49904.57207	31203.67288	13544.15697	221.61694	340	2019-12-17T23:08:53.643
49852.51276	31179.20130	13543.20360	215.28544	343	2019-12-17T23:27:45.446
49818.01824	31158.57499	13542.33125	213.62289	346	2019-12-17T23:46:41.672
49748.81444	31135.12437	13542.04210	202.84828	349	2019-12-18T00:05:40.861
49680.01293	31109.93020	13541.58959	192.83500	352	2019-12-18T00:23:48.612
49636.68797	31086.73724	13541.24917	188.12124	355	2019-12-18T00:41:52.055
49812.73029	31063.57581	13540.75120	234.57046	358	2019-12-18T01:00:33.909
49838.05903	31042.14537	13539.65305	246.04350	361	2019-12-18T01:19:58.648
49712.32029	31020.89408	13538.97533	221.85608	364	2019-12-18T01:39:06.96
49580.60656	30997.49018	13538.85634	196.23385	367	2019-12-18T01:57:48.206
49640.91242	30977.81955	13538.41592	215.48586	370	2019-12-18T02:17:06.701
49522.00240	30955.83687	13538.18698	193.27065	373	2019-12-18T02:36:07.774
49643.77909	30932.77955	13538.30879	226.45017	376	2019-12-18T02:55:08.834
49615.48496	30913.86990	13537.01526	224.99074	379	2019-12-18T03:14:04.962
49492.72083	30894.51230	13535.45087	201.27291	382	2019-12-18T03:33:25.809
49453.29062	30874.14317	13534.97937	196.85288	385	2019-12-18T03:52:05.889
49452.70221	30855.57939	13534.05084	201.50978	388	2019-12-18T04:11:38.738
49386.50477	30835.46043	13533.45414	190.91655	391	2019-12-18T04:30:43.535
49603.60273	30814.72362	13533.03074	246.63300	394	2019-12-18T04:49:53.332
49567.76051	30795.47984	13532.10128	243.25268	397	2019-12-18T05:08:36.686
49430.11891	30776.22985	13531.56634	215.77116	400	2019-12-18T05:28:15.827
49334.62590	30757.46342	13530.34510	197.56702	403	2019-12-18T05:47:23.173
49303.83419	30741.45249	13528.32960	194.79502	406	2019-12-18T06:06:36.367
49294.20504	30721.74339	13527.49188	196.76766	409	2019-12-18T06:25:33.66
49378.19989	30705.45187	13525.93840	220.79920	412	2019-12-18T06:44:10.639
49374.85560	30687.01718	13524.76471	224.49093	415	2019-12-18T07:02:49.873
49355.55433	30670.20404	13523.36040	223.75459	418	2019-12-18T07:21:50.705
49284.69335	30653.80652	13521.68095	211.66875	421	2019-12-18T07:41:31.527
49204.92334	30636.43176	13520.82645	196.84032	424	2019-12-18T08:00:57.461
49152.07579	30620.61067	13519.56499	188.83479	427	2019-12-18T08:20:33.595
49360.30625	30605.88522	13518.60370	241.46291	430	2019-12-18T08:39:07.176
49352.60295	30588.75829	13517.76611	243.97161	433	2019-12-18T08:58:48.011
49243.89225	30572.30316	13516.98851	221.71507	436	2019-12-18T09:17:20.066
49106.82612	30555.83391	13515.60922	193.49817	439	2019-12-18T09:36:15.273
49174.71013	30542.24366	13514.51112	214.46635	442	2019-12-18T09:55:28.973
49127.21035	30526.25140	13513.39224	206.68326	445	2019-12-18T10:15:07.443
49239.88542	30510.48279	13512.26877	236.97588	448	2019-12-18T10:33:52.315
49232.00644	30495.58170	13511.17036	238.56446	451	2019-12-18T10:52:45.579
49135.90589	30480.29290	13509.52464	219.68058	454	2019-12-18T11:11:11.352
49048.30776	30464.57300	13508.15863	202.67241	457	2019-12-18T11:29:21.245
49088.37899	30450.58886	13506.11787	215.78688	460	2019-12-18T11:48:56.588
49021.93626	30439.25611	13503.89831	203.06529	463	2019-12-18T12:07:59.105
49176.11873	30425.35641	13502.10923	243.53327	466	2019-12-18T12:26:42.293
49164.53342	30413.10857	13501.19639	243.79759	469	2019-12-18T12:46:21.564
49081.54817	30395.71185	13499.80375	227.78536	472	2019-12-18T13:04:58.139
48936.45929	30384.30617	13497.65155	196.74207	475	2019-12-18T13:23:20.095
49013.78944	30372.78778	13495.42760	218.84582	478	2019-12-18T13:42:03.712
48999.32177	30358.25771	13494.27359	218.81718	481	2019-12-18T14:00:54.433
49012.18204	30345.62556	13492.94042	225.22118	484	2019-12-18T14:19:42.057
49013.62277	30334.69167	13491.44998	228.88645	487	2019-12-18T14:38:26.169
48983.74911	30321.29245	13490.32422	224.56240	490	2019-12-18T14:57:05.298
48871.58180	30308.66982	13489.37480	202.56939	493	2019-12-18T15:15:55.825
48865.80024	30296.41586	13488.79678	204.44533	496	2019-12-18T15:34:37.683
48873.13741	30280.87943	13488.02050	209.14974	499	2019-12-18T15:52:00.74
