loss	sse	Lt	Lp	epoch	time
120703.58246	118740.45438	1700.61389	170.77766	1	2019-12-16T11:46:35.55
104124.09859	97537.51066	5157.15640	196.69728	4	2019-12-16T12:05:00.421
93952.62562	82576.26828	7755.73019	244.29463	7	2019-12-16T12:24:04.164
87140.08605	73094.36615	9442.43075	249.62065	10	2019-12-16T12:42:56.392
81752.32135	66505.70586	10525.55478	240.34811	13	2019-12-16T13:02:01.847
77541.56712	61702.43123	11265.88157	229.92339	16	2019-12-16T13:20:10.895
74147.31312	57928.23575	11811.20472	221.88808	19	2019-12-16T13:39:02.447
71356.90671	54851.01156	12222.30015	216.32927	22	2019-12-16T13:57:12.306
69050.59541	52358.18423	12525.56581	211.97741	25	2019-12-16T14:15:28.067
67085.84558	50339.33895	12742.84421	207.42028	28	2019-12-16T14:34:05.233
65419.88091	48678.36582	12901.34347	203.37952	31	2019-12-16T14:52:04.27
63976.63530	47257.12585	13023.97526	200.05024	34	2019-12-16T15:10:57.738
62731.39794	46014.22018	13122.98505	197.80110	37	2019-12-16T15:29:20.863
61644.52381	44924.98162	13205.27788	196.20140	40	2019-12-16T15:48:11.228
60692.70360	43970.83851	13275.71548	194.94386	43	2019-12-16T16:06:57.994
59848.40434	43123.05860	13338.36416	194.02429	46	2019-12-16T16:25:21.844
59102.66668	42361.30449	13395.87504	193.40088	49	2019-12-16T16:43:46.194
58436.66553	41676.38746	13448.95671	193.00444	52	2019-12-16T17:03:04.973
57839.94336	41059.84591	13498.31481	192.78321	55	2019-12-16T17:21:33.971
57305.07938	40498.52380	13544.46973	192.72238	58	2019-12-16T17:41:01.471
56820.86232	39986.97638	13587.30466	192.76777	61	2019-12-16T17:59:48.089
56379.36136	39521.50532	13627.06669	192.85808	64	2019-12-16T18:18:02.353
55976.17902	39094.40378	13664.28690	193.01018	67	2019-12-16T18:35:52.615
55604.67711	38700.88138	13699.17246	193.14817	70	2019-12-16T18:53:34.976
55259.09695	38337.50705	13732.14736	193.26304	73	2019-12-16T19:11:54.239
54945.41110	37997.28358	13763.68159	193.57632	76	2019-12-16T19:30:49.223
54649.05889	37677.66038	13793.91439	193.84325	79	2019-12-16T19:48:52.883
54377.96048	37376.55478	13822.99719	194.23626	82	2019-12-16T20:07:27.835
54121.25142	37095.88072	13849.96045	194.55351	85	2019-12-16T20:26:01.018
53881.48307	36834.76047	13875.43837	194.87132	88	2019-12-16T20:43:35.875
53654.21728	36585.13716	13899.43570	195.19340	91	2019-12-16T21:01:57.9
53441.76000	36352.63189	13921.88155	195.50669	94	2019-12-16T21:20:45.796
53242.97431	36130.62200	13942.99579	195.89786	97	2019-12-16T21:39:49.485
53054.31532	35920.12525	13962.22247	196.30235	100	2019-12-16T21:58:08.12
52875.69060	35722.87370	13979.30925	196.66993	103	2019-12-16T22:17:01.465
52704.88995	35534.18342	13995.14272	197.08018	106	2019-12-16T22:35:00.189
52545.14117	35358.24405	14009.90358	197.41051	109	2019-12-16T22:54:30.889
52390.75648	35187.97412	14023.53368	197.79110	112	2019-12-16T23:13:15.646
52244.89411	35026.48562	14036.06219	198.19430	115	2019-12-16T23:31:45.869
52101.42414	34872.55461	14047.53279	198.55476	118	2019-12-16T23:50:21.844
51968.91881	34724.03907	14058.28025	198.99012	121	2019-12-17T00:08:43.619
51840.06951	34584.20379	14068.59117	199.37049	124	2019-12-17T00:27:26.484
51714.50052	34453.45709	14079.11575	199.61102	127	2019-12-17T00:46:21.261
51598.05885	34323.77826	14089.59739	199.96495	130	2019-12-17T01:04:56.163
51482.73103	34196.22317	14099.87337	200.30254	133	2019-12-17T01:23:23.467
51375.80596	34074.43008	14109.50752	200.71411	136	2019-12-17T01:42:16.395
51265.67587	33958.56487	14118.09739	201.01837	139	2019-12-17T02:00:48.959
51166.36739	33848.05504	14125.98411	201.40900	142	2019-12-17T02:19:42.947
51066.94855	33739.53520	14133.93416	201.70067	145	2019-12-17T02:38:01.763
50971.95412	33636.48111	14141.30907	201.98538	148	2019-12-17T02:56:19.044
50881.82776	33534.74443	14148.04408	202.38444	151	2019-12-17T03:14:49.335
50795.41867	33438.44715	14153.78777	202.75206	154	2019-12-17T03:33:30.551
50710.59481	33346.81328	14158.70099	203.11398	157	2019-12-17T03:52:07.79
50625.19022	33258.55129	14163.91139	203.34554	160	2019-12-17T04:10:20.068
50546.60903	33170.29842	14169.54207	203.76365	163	2019-12-17T04:28:34.033
50468.63165	33084.06934	14174.73244	204.12111	166	2019-12-17T04:47:42.381
50394.89637	33002.95919	14178.85855	204.47253	169	2019-12-17T05:06:24.468
50319.68928	32924.77005	14182.60838	204.76692	172	2019-12-17T05:24:33.458
50250.92297	32847.71783	14186.68182	205.13787	175	2019-12-17T05:42:28.645
50183.47231	32771.31922	14190.31347	205.50615	178	2019-12-17T06:00:50.597
50113.76398	32698.41505	14193.53696	205.80340	181	2019-12-17T06:19:54.104
50049.97216	32629.39017	14196.53091	206.14510	184	2019-12-17T06:38:17.423
49984.17373	32561.61006	14199.09404	206.44040	187	2019-12-17T06:57:49.737
49921.64631	32496.23396	14202.03843	206.71837	190	2019-12-17T07:17:08.175
49861.64604	32431.64924	14205.39876	207.00921	193	2019-12-17T07:36:46.662
49802.16302	32369.00957	14208.52235	207.30622	196	2019-12-17T07:55:21.802
49744.96407	32306.76423	14212.00933	207.64590	199	2019-12-17T08:13:24.675
49690.00022	32245.55130	14215.31301	207.96487	202	2019-12-17T08:31:30.919
49635.63570	32186.37649	14217.36158	208.28603	205	2019-12-17T08:50:23.589
49581.95215	32128.34152	14219.52223	208.64352	208	2019-12-17T09:09:07.667
49527.28939	32073.31673	14221.95356	208.91383	211	2019-12-17T09:27:13.408
49476.57774	32019.75915	14224.30350	209.17958	214	2019-12-17T09:46:07.752
49429.85792	31965.32522	14226.64886	209.52670	217	2019-12-17T10:04:15.365
49379.31899	31913.04762	14228.31084	209.82319	220	2019-12-17T10:22:31.467
49329.62397	31864.39258	14230.05342	210.06230	223	2019-12-17T10:41:55.397
49280.94023	31816.19805	14232.46042	210.27223	226	2019-12-17T11:01:06.527
49239.91771	31765.08584	14234.95965	210.62103	229	2019-12-17T11:20:56.488
49193.97718	31718.37491	14236.40942	210.90981	232	2019-12-17T11:39:54.248
49149.53730	31672.26479	14238.28687	211.19571	235	2019-12-17T11:58:49.844
49106.48549	31627.25812	14240.05231	211.42971	238	2019-12-17T12:17:34.508
49065.32216	31582.76434	14241.84189	211.66291	241	2019-12-17T12:36:15.103
49024.54477	31538.34379	14243.69941	211.90690	244	2019-12-17T12:54:58.43
48982.33259	31497.20076	14245.39409	212.16414	247	2019-12-17T13:14:22.62
48944.54502	31456.24088	14246.96034	212.48035	250	2019-12-17T13:32:52.494
48902.85036	31412.89466	14248.23251	212.76578	253	2019-12-17T13:51:20.929
48864.58698	31374.80467	14249.68197	212.96494	256	2019-12-17T14:10:22.728
48827.48717	31333.49443	14251.99943	213.24586	259	2019-12-17T14:29:07.825
48791.34431	31294.94917	14253.32172	213.51245	262	2019-12-17T14:47:41.886
48752.11396	31258.05716	14254.59847	213.76289	265	2019-12-17T15:05:35.934
48716.05360	31224.18262	14256.44159	213.92838	268	2019-12-17T15:24:42.957
48683.21415	31182.88277	14259.53534	214.25231	271	2019-12-17T15:43:23.903
48647.50671	31142.98221	14262.00575	214.50601	274	2019-12-17T16:02:22.593
48613.14078	31110.12232	14262.80479	214.72472	277	2019-12-17T16:20:53.384
48578.76188	31075.71894	14263.90113	214.94294	280	2019-12-17T16:39:17.409
48544.55314	31042.79057	14265.70575	215.14194	283	2019-12-17T16:58:02.544
48509.20433	31007.73490	14268.20973	215.31165	286	2019-12-17T17:16:56.573
48482.07327	30973.43794	14270.59642	215.62491	289	2019-12-17T17:35:38.823
48447.47114	30938.57818	14272.63811	215.84538	292	2019-12-17T17:54:02.122
48420.57084	30903.62773	14274.05746	216.14698	295	2019-12-17T18:12:48.159
48388.75660	30875.95390	14274.32497	216.36435	298	2019-12-17T18:30:32.283
48356.96208	30845.79559	14274.66873	216.57481	301	2019-12-17T18:49:20.648
48329.02396	30812.35826	14275.50475	216.89887	304	2019-12-17T19:08:03.992
48302.58715	30781.82719	14275.89963	217.15638	307	2019-12-17T19:27:05.309
48274.08692	30753.16030	14275.98945	217.43884	310	2019-12-17T19:45:46.603
48243.59662	30726.11063	14275.87740	217.64048	313	2019-12-17T20:05:01.613
48217.19797	30697.27749	14276.54298	217.90527	316	2019-12-17T20:23:23.592
48190.67022	30670.70212	14276.79744	218.15372	319	2019-12-17T20:42:04.512
48164.35056	30642.01770	14277.32032	218.42301	322	2019-12-17T21:00:31.013
48138.47683	30616.61835	14277.54422	218.63525	325	2019-12-17T21:19:27.714
48110.25825	30587.64301	14278.75733	218.82798	328	2019-12-17T21:38:04.918
48085.46852	30560.21545	14279.33566	219.12343	331	2019-12-17T21:56:45.565
48057.81629	30537.06070	14278.65439	219.31003	334	2019-12-17T22:16:33.904
48034.03148	30510.54538	14279.46991	219.58491	337	2019-12-17T22:34:49.46
48007.72665	30483.99886	14280.13526	219.85208	340	2019-12-17T22:53:07.536
47984.34426	30459.90123	14280.06937	220.13298	343	2019-12-17T23:12:12.768
47960.77671	30434.19890	14280.08994	220.35358	346	2019-12-17T23:30:50.496
47939.01620	30411.12460	14280.27668	220.63209	349	2019-12-17T23:49:07.681
47915.01962	30385.89559	14280.31078	220.90806	352	2019-12-18T00:07:14.719
47892.48977	30363.14838	14279.24292	221.15402	355	2019-12-18T00:25:16.826
47870.57983	30339.81718	14278.25881	221.44567	358	2019-12-18T00:44:04.887
47847.68339	30319.47667	14277.73637	221.69668	361	2019-12-18T01:02:42.076
47827.01186	30297.07867	14277.25381	221.96005	364	2019-12-18T01:21:43.122
47806.93826	30274.13631	14276.11716	222.26875	367	2019-12-18T01:40:06.206
47786.01737	30254.00359	14275.00610	222.51609	370	2019-12-18T01:58:03.206
47765.29897	30232.78014	14274.27832	222.77789	373	2019-12-18T02:17:03.098
47745.63354	30212.64707	14273.37521	223.06006	376	2019-12-18T02:35:13.902
47727.55159	30191.38559	14272.87348	223.33338	379	2019-12-18T02:53:50.793
47705.34310	30169.86393	14271.76810	223.59392	382	2019-12-18T03:11:58.681
47688.44781	30152.50214	14270.05106	223.85969	385	2019-12-18T03:31:04.256
47667.29242	30133.55646	14268.69661	224.14354	388	2019-12-18T03:49:41.699
47651.28086	30114.44918	14267.33524	224.43668	391	2019-12-18T04:08:48.564
47634.88596	30096.07019	14266.10898	224.70943	394	2019-12-18T04:26:48.063
47615.86266	30077.96193	14265.35608	224.92413	397	2019-12-18T04:45:31.194
47596.64318	30057.46664	14264.61879	225.23021	400	2019-12-18T05:04:01.28
47578.10712	30039.83493	14262.95761	225.45780	403	2019-12-18T05:21:46.622
47561.43436	30024.09883	14261.89950	225.69611	406	2019-12-18T05:40:29.786
47541.87671	30006.90639	14261.27011	225.88619	409	2019-12-18T05:59:52.012
47524.57774	29986.12691	14260.90582	226.19878	412	2019-12-18T06:18:52.355
47506.24363	29968.12543	14259.68093	226.42431	415	2019-12-18T06:37:19.691
47488.75850	29953.50623	14258.46559	226.62487	418	2019-12-18T06:55:40.999
47474.40977	29935.52243	14257.95305	226.91815	421	2019-12-18T07:13:33.564
47458.49049	29915.63725	14256.61320	227.19769	424	2019-12-18T07:32:20.302
47442.24509	29902.99678	14254.29650	227.44146	427	2019-12-18T07:51:12.851
47423.04884	29889.32135	14252.71143	227.62727	430	2019-12-18T08:09:45.571
47411.26105	29867.44663	14252.28624	227.93737	433	2019-12-18T08:28:57.1
47394.03353	29850.78320	14250.60484	228.17894	436	2019-12-18T08:47:44.425
47379.52910	29840.81824	14248.41591	228.40335	439	2019-12-18T09:06:59.234
47364.84168	29822.75404	14246.96678	228.69253	442	2019-12-18T09:26:11.453
47351.29793	29806.24517	14245.54178	228.99617	445	2019-12-18T09:45:59.919
47339.22690	29793.35199	14243.55084	229.27311	448	2019-12-18T10:04:56.69
47322.66748	29779.23503	14242.02671	229.49059	451	2019-12-18T10:23:27.46
47307.91185	29765.07726	14240.92065	229.72053	454	2019-12-18T10:41:16.499
47294.27562	29748.52296	14240.30839	229.98375	457	2019-12-18T10:59:26.774
47281.13091	29735.72613	14239.02160	230.22733	460	2019-12-18T11:17:49.303
47265.87529	29722.53236	14237.22346	230.41581	463	2019-12-18T11:36:14.104
47250.58467	29708.55445	14236.38635	230.61479	466	2019-12-18T11:55:22.089
47237.67360	29692.73336	14235.51726	230.90024	469	2019-12-18T12:13:57.221
47222.62010	29680.27214	14233.74355	231.12171	472	2019-12-18T12:32:29.368
47213.72574	29667.02195	14232.25527	231.39570	475	2019-12-18T12:51:36.945
47195.56936	29652.14831	14230.75703	231.57626	478	2019-12-18T13:10:18.729
47184.06281	29640.43293	14228.91119	231.83374	481	2019-12-18T13:29:24.239
47169.30268	29626.86620	14227.93101	232.03401	484	2019-12-18T13:48:24.023
47156.37139	29613.62996	14227.41405	232.22301	487	2019-12-18T14:07:31.62
47146.02600	29599.74063	14226.46258	232.51739	490	2019-12-18T14:26:15.451
47132.13920	29588.76781	14224.15924	232.69361	493	2019-12-18T14:45:08.284
47119.56083	29575.23566	14222.91549	232.92391	496	2019-12-18T15:04:21.675
47109.20086	29562.28411	14221.99734	233.20489	499	2019-12-18T15:22:49.358
