loss	sse	Lp	epoch	time
2047520421.78133	2232238130.60992	14193.07296	0	2020-02-05T14:02:12.867
67329868.21942	73013410.95634	14197.57026	1	2020-02-05T14:27:24.589
62514397.76898	67752195.84454	14204.79728	2	2020-02-05T14:52:24.747
58658874.01388	63558324.62379	14212.47834	3	2020-02-05T15:16:08.38
54846623.25745	59418148.70730	14220.08691	4	2020-02-05T15:40:02.472
51142340.37371	55397796.10047	14227.42542	5	2020-02-05T16:04:44.502
47636616.09926	51594090.72708	14234.47296	6	2020-02-05T16:28:39.433
44382745.98902	48064197.75369	14241.20985	7	2020-02-05T16:52:04.999
41401995.38630	44830858.10546	14247.62778	8	2020-02-05T17:16:31.523
38694530.63272	41894081.67074	14253.74875	9	2020-02-05T17:41:21.689
36248100.23725	39240485.80312	14259.57105	10	2020-02-05T18:05:58.663
34043933.15946	36849659.25670	14265.12764	11	2020-02-05T18:30:35.352
32060487.21955	34698210.82833	14270.45367	12	2020-02-05T18:55:09.168
30275716.14467	32762217.61085	14275.56024	13	2020-02-05T19:20:04.107
28668364.63940	31018623.82575	14280.46936	14	2020-02-05T19:44:49.542
27218648.77017	29445974.33562	14285.20003	15	2020-02-05T20:09:41.102
25908562.98019	28024739.30940	14289.75838	16	2020-02-05T20:34:34.864
24721948.89762	26737395.08762	14294.16681	17	2020-02-05T20:59:42.775
23644444.41015	25568366.23925	14298.42129	18	2020-02-05T21:24:42.137
22663357.47979	24503894.73537	14302.53242	19	2020-02-05T21:49:38.331
21767518.02371	23531875.60195	14306.50756	20	2020-02-05T22:14:37.919
20947128.41505	22641684.24741	14310.35627	21	2020-02-05T22:39:21.5
20193597.45994	21824007.25875	14314.07448	22	2020-02-05T23:03:57.549
19499395.93673	21070683.99610	14317.67420	23	2020-02-05T23:28:41.047
18857928.99244	20374563.20484	14321.16161	24	2020-02-05T23:53:34.183
18263411.11626	19729374.46107	14324.53541	25	2020-02-06T00:18:46.088
17710765.42852	19129614.95258	14327.80927	26	2020-02-06T00:43:52.731
17195531.12674	18570450.42014	14330.98269	27	2020-02-06T01:08:55.365
16713785.02434	18047628.84470	14334.05513	28	2020-02-06T01:33:57.851
16262072.22668	17557405.75751	14337.03171	29	2020-02-06T01:59:14.324
15837347.04492	17096479.58965	14339.92339	30	2020-02-06T02:24:07.235
15436919.98538	16661935.71679	14342.73801	31	2020-02-06T02:49:27.878
15058415.91927	16251198.29415	14345.47219	32	2020-02-06T03:14:17.945
14699735.24250	15861988.66942	14348.13074	33	2020-02-06T03:38:57.81
14359017.71506	15492289.36460	14350.70923	34	2020-02-06T04:03:51.675
14034615.31261	15140312.87762	14353.21261	35	2020-02-06T04:28:38.231
13725067.83750	14804474.74814	14355.65074	36	2020-02-06T04:53:20.666
13429080.71197	14483370.22474	14358.01885	37	2020-02-06T05:18:13.735
13145505.02801	14175753.89557	14360.32208	38	2020-02-06T05:42:59.316
12873322.72876	13880522.01990	14362.57033	39	2020-02-06T06:07:40.632
12611631.94518	13596697.14090	14364.75917	40	2020-02-06T06:32:20.342
12359634.82789	13323414.63941	14366.89284	41	2020-02-06T06:56:44.679
12116625.95474	13059910.86102	14368.96689	42	2020-02-06T07:21:31.63
11881985.15332	12805512.81561	14370.98867	43	2020-02-06T07:46:06.044
11655165.96025	12559628.94366	14372.94655	44	2020-02-06T08:10:40.144
11435689.13532	12321740.70701	14374.84261	45	2020-02-06T08:35:29.572
11223136.63304	12091395.36197	14376.67413	46	2020-02-06T08:59:58.291
11017143.85392	11868199.11151	14378.44942	47	2020-02-06T09:24:25.054
10817395.22266	11651811.02168	14380.17638	48	2020-02-06T09:49:26.782
10623617.83274	11441937.36458	14381.85896	49	2020-02-06T10:14:31.93
10435577.46969	11238326.34473	14383.49961	50	2020-02-06T10:39:34.82
10253074.80614	11040763.28718	14385.08748	51	2020-02-06T11:04:09.668
10075940.46100	10849066.09684	14386.61537	52	2020-02-06T11:28:40.914
9904031.35389	10663080.93246	14388.08407	53	2020-02-06T11:53:20.222
9737226.82849	10482678.08124	14389.50885	54	2020-02-06T12:17:43.777
9575425.46387	10307748.07441	14390.88021	55	2020-02-06T12:41:22.868
9418538.66812	10138197.65313	14392.19299	56	2020-02-06T13:05:31.313
9266490.11712	9973946.01361	14393.45915	57	2020-02-06T13:30:42.004
9119211.11701	9814921.05906	14394.68358	58	2020-02-06T13:56:35.137
8976639.03095	9661055.79639	14395.85458	59	2020-02-06T14:22:44.18
8838712.49216	9512284.71690	14396.97754	60	2020-02-06T14:48:45.553
8705368.86246	9368540.31875	14398.05677	61	2020-02-06T15:15:59.118
8576539.81746	9229749.59631	14399.09110	62	2020-02-06T15:43:49.944
8452150.84767	9095830.86894	14400.08204	63	2020-02-06T16:09:50.496
8332117.49599	8966690.88390	14401.01790	64	2020-02-06T16:36:00.379
8216343.57012	8842222.22806	14401.89864	65	2020-02-06T17:02:11.232
8104719.05877	8722301.22096	14402.72902	66	2020-02-06T17:28:28.891
7997116.56454	8606786.18155	14403.52067	67	2020-02-06T17:55:15.571
7893391.02463	8495516.34544	14404.26778	68	2020-02-06T18:21:30.652
7793381.07080	8388311.65258	14404.97435	69	2020-02-06T18:47:26.042
7696908.46903	8284973.29555	14405.63941	70	2020-02-06T19:13:07.665
7603780.15716	8185285.19552	14406.26444	71	2020-02-06T19:39:00.479
7513790.82566	8089016.49917	14406.86202	72	2020-02-06T20:04:35.859
7426726.46822	7995925.11853	14407.43247	73	2020-02-06T20:30:22.587
7342366.72892	7905762.25183	14407.96047	74	2020-02-06T20:56:16.882
7260490.23478	7818277.78120	14408.45985	75	2020-02-06T21:22:17.442
7180879.92369	7733226.41735	14408.91659	76	2020-02-06T21:48:54.492
7103329.16272	7650374.29167	14409.35639	77	2020-02-06T22:15:11.557
7027647.88432	7569505.55554	14409.76750	78	2020-02-06T22:41:35.982
6953667.93153	7490428.40993	14410.14657	79	2020-02-06T23:07:17.93
6881246.85376	7412980.16786	14410.50473	80	2020-02-06T23:33:09.31
6810270.74821	7337030.79313	14410.85593	81	2020-02-06T23:58:41.919
6740656.64139	7262484.62296	14411.20745	82	2020-02-07T00:24:39.98
6672351.58692	7189280.03893	14411.55682	83	2020-02-07T00:50:56.318
6605329.85106	7117386.97068	14411.91598	84	2020-02-07T01:17:26.841
6539589.12840	7046802.51873	14412.28754	85	2020-02-07T01:43:52.941
6475145.37618	6977545.10915	14412.66019	86	2020-02-07T02:09:47.613
6412026.68350	6909647.68708	14413.03414	87	2020-02-07T02:36:06.534
6350266.81010	6843150.58876	14413.41842	88	2020-02-07T03:03:13.954
6289899.23789	6778094.70969	14413.83100	89	2020-02-07T03:29:23.024
6230951.83950	6714515.51355	14414.27297	90	2020-02-07T03:55:02.241
6173442.59671	6652438.28717	14414.73620	91	2020-02-07T04:21:54.3
6117376.66930	6591874.87209	14415.21665	92	2020-02-07T04:48:05.705
6062745.49467	6532821.97034	14415.71740	93	2020-02-07T05:13:57.889
6009526.57713	6475260.94629	14416.23260	94	2020-02-07T05:40:29.787
5957684.21447	6419158.85527	14416.75864	95	2020-02-07T06:06:09.781
5907171.78443	6364470.50461	14417.30034	96	2020-02-07T06:32:23.93
5857934.40351	6311141.19510	14417.85518	97	2020-02-07T06:58:37.4
5809911.72912	6259109.80332	14418.42547	98	2020-02-07T07:24:54.681
5763041.02946	6208311.95020	14419.00312	99	2020-02-07T07:51:16.256
5717259.59801	6158682.95383	14419.58786	100	2020-02-07T08:17:31.268
5672507.17758	6110160.38574	14420.17924	101	2020-02-07T08:43:26.698
5628727.97443	6062686.09866	14420.77888	102	2020-02-07T09:09:44.167
5585871.85391	6016207.63987	14421.38160	103	2020-02-07T09:35:47.727
5543894.86941	5970679.02020	14421.98556	104	2020-02-07T10:02:27.073
5502759.50235	5926060.85989	14422.59184	105	2020-02-07T10:28:45.728
5462434.13643	5882319.98143	14423.20338	106	2020-02-07T10:55:01.438
5422892.47334	5839428.53551	14423.81182	107	2020-02-07T11:20:50.61
5384112.19736	5797362.81076	14424.41466	108	2020-02-07T11:47:12.492
5346073.55391	5756101.82625	14425.00960	109	2020-02-07T12:13:23.882
5308758.13811	5715625.87874	14425.59360	110	2020-02-07T12:40:00.197
5272147.69344	5675915.20508	14426.16621	111	2020-02-07T13:06:54.66
5236222.98745	5636948.87628	14426.72598	112	2020-02-07T13:33:26.023
5200963.14124	5598704.03218	14427.27918	113	2020-02-07T13:59:56.111
5166345.03184	5561155.53363	14427.82515	114	2020-02-07T14:26:06.169
5132343.64769	5524276.04774	14428.36252	115	2020-02-07T14:51:26.599
5098932.32326	5488036.57565	14428.89511	116	2020-02-07T15:16:36.9
5066083.77068	5452407.30832	14429.41751	117	2020-02-07T15:41:26.683
5033770.68722	5417358.69277	14429.92687	118	2020-02-07T16:05:44.866
5001967.14813	5382862.57708	14430.42647	119	2020-02-07T16:30:31.411
4970649.24073	5348893.23762	14430.91294	120	2020-02-07T16:54:58.922
4939795.96730	5315428.15664	14431.38725	121	2020-02-07T17:19:26.622
4909389.55162	5282448.47246	14431.84935	122	2020-02-07T17:44:06.57
4879415.69311	5249939.02151	14432.30294	123	2020-02-07T18:08:52.952
4849862.94056	5217888.02690	14432.75006	124	2020-02-07T18:33:16.672
4820722.38013	5186286.47768	14433.18964	125	2020-02-07T18:58:02.691
4791986.85828	5155127.33791	14433.62444	126	2020-02-07T19:22:38.072
4763650.27930	5124404.71303	14434.05515	127	2020-02-07T19:47:19.463
4735706.93193	5094113.09062	14434.47853	128	2020-02-07T20:11:57.941
4708151.04133	5064246.75585	14434.89466	129	2020-02-07T20:36:32.794
4680976.31985	5034799.43738	14435.30945	130	2020-02-07T21:01:33.649
4654176.02357	5005764.20062	14435.72491	131	2020-02-07T21:26:11.778
4627742.93779	4977133.55004	14436.13895	132	2020-02-07T21:50:31.203
4601669.80560	4948899.68590	14436.54884	133	2020-02-07T22:15:05.549
4575949.55014	4921054.83848	14436.95893	134	2020-02-07T22:39:24.292
4550575.64786	4893591.60287	14437.37069	135	2020-02-07T23:03:16.594
4525542.02413	4866503.19667	14437.78407	136	2020-02-07T23:27:03.535
4500843.48127	4839783.61178	14438.19913	137	2020-02-07T23:51:01.517
4476475.85595	4813427.63882	14438.61539	138	2020-02-08T00:14:30.242
4452435.68900	4787430.76250	14439.03140	139	2020-02-08T00:38:09.929
4428720.00135	4761788.96089	14439.44607	140	2020-02-08T01:01:41.53
4405326.11447	4736498.44541	14439.85985	141	2020-02-08T01:25:11.199
4382251.31686	4711555.40363	14440.27244	142	2020-02-08T01:48:43.119
4359492.71731	4686955.77329	14440.68486	143	2020-02-08T02:12:40.974
4337046.95396	4662695.09479	14441.09358	144	2020-02-08T02:36:30.356
4314910.32982	4638768.45343	14441.50240	145	2020-02-08T03:00:19.346
4293078.57730	4615170.52028	14441.91435	146	2020-02-08T03:24:10.586
4271547.13011	4591895.65286	14442.32633	147	2020-02-08T03:48:30.685
4250311.01377	4568938.05892	14442.73973	148	2020-02-08T04:12:30.22
4229365.15395	4546291.95189	14443.15551	149	2020-02-08T04:36:33.413
4208704.57690	4523951.68784	14443.57340	150	2020-02-08T05:00:28.431
4188324.27173	4501911.84991	14443.99061	151	2020-02-08T05:24:08.873
4168219.31643	4480167.26567	14444.41039	152	2020-02-08T05:47:52.148
4148384.90985	4458712.96341	14444.83016	153	2020-02-08T06:12:23.932
4128816.19892	4437544.08126	14445.24819	154	2020-02-08T06:36:26.769
4109508.25706	4416655.75154	14445.66882	155	2020-02-08T07:00:03.746
4090455.97691	4396042.98945	14446.08895	156	2020-02-08T07:23:47.56
4071654.08746	4375700.61242	14446.51129	157	2020-02-08T07:48:05.158
4053097.07434	4355623.19055	14446.93378	158	2020-02-08T08:12:27.81
4034779.33288	4335805.04281	14447.35457	159	2020-02-08T08:37:13.229
4016694.96253	4316240.27047	14447.77470	160	2020-02-08T09:01:18.827
3998837.97312	4296922.81678	14448.19694	161	2020-02-08T09:26:01.858
3981202.51027	4277846.53978	14448.62133	162	2020-02-08T09:49:39.81
3963782.63643	4259005.27573	14449.04513	163	2020-02-08T10:13:30.673
3946572.56224	4240392.89175	14449.46940	164	2020-02-08T10:37:05.51
3929566.72304	4222003.31903	14449.89297	165	2020-02-08T11:00:56.363
3912759.63176	4203830.56460	14450.31657	166	2020-02-08T11:24:55.819
3896145.87958	4185868.71122	14450.74044	167	2020-02-08T11:47:35.005
3879720.20629	4168111.91722	14451.16446	168	2020-02-08T12:10:26.269
3863477.50747	4150554.41587	14451.58947	169	2020-02-08T12:33:27.861
3847412.68014	4133190.52663	14452.01232	170	2020-02-08T12:57:09.584
3831520.75182	4116014.67250	14452.43462	171	2020-02-08T13:20:44.007
3815796.84934	4099021.41529	14452.85665	172	2020-02-08T13:44:23.948
3800236.30255	4082205.49110	14453.27661	173	2020-02-08T14:07:40.497
3784834.56214	4065561.84464	14453.69553	174	2020-02-08T14:32:03.476
3769587.24435	4049085.65579	14454.11338	175	2020-02-08T14:55:57.391
3754490.14802	4032772.34943	14454.52954	176	2020-02-08T15:19:36.181
3739539.30804	4016617.59694	14454.94536	177	2020-02-08T15:43:05.952
3724730.93305	4000617.30073	14455.35971	178	2020-02-08T16:06:32.636
3710061.38224	3984767.57287	14455.77437	179	2020-02-08T16:29:20.553
3695527.12575	3969064.71182	14456.18837	180	2020-02-08T16:52:28.121
3681124.80374	3953505.17502	14456.60184	181	2020-02-08T17:15:44.481
3666851.22593	3938085.56143	14457.01624	182	2020-02-08T17:39:04.957
3652703.33133	3922802.60053	14457.43134	183	2020-02-08T18:02:54.663
3638678.06761	3907653.14700	14457.84540	184	2020-02-08T18:26:28.667
3624772.58186	3892634.17911	14458.25899	185	2020-02-08T18:50:10.184
3610984.25780	3877742.79930	14458.67373	186	2020-02-08T19:14:07.73
3597310.44762	3862976.23380	14459.08801	187	2020-02-08T19:37:40.224
3583748.76377	3848331.82931	14459.50092	188	2020-02-08T20:00:58.341
3570296.83968	3833807.04823	14459.91318	189	2020-02-08T20:24:29.213
3556952.45906	3819399.46119	14460.32719	190	2020-02-08T20:48:09.4
3543713.54088	3805106.74227	14460.74024	191	2020-02-08T21:11:54.105
3530578.10858	3790926.66076	14461.15220	192	2020-02-08T21:35:31.169
3517544.22415	3776857.07884	14461.56630	193	2020-02-08T21:59:20.609
3504609.99750	3762895.94580	14461.98134	194	2020-02-08T22:22:49.511
3491773.73641	3749041.30141	14462.39801	195	2020-02-08T22:46:21.368
3479033.70057	3735291.27706	14462.81473	196	2020-02-08T23:09:51.483
3466388.30570	3721644.08781	14463.23081	197	2020-02-08T23:34:04.61
3453835.97938	3708098.03131	14463.64690	198	2020-02-08T23:57:47.403
3441375.17689	3694651.48286	14464.06281	199	2020-02-09T00:21:11.121
3429004.54291	3681302.88526	14464.47910	200	2020-02-09T00:44:23.49
