0.513859275053
0.613801233225
0.585414623104
0.703837953092
0.675294117647
0.672070098576
0.497865528282
0.60690968444
0.563453815261
0.507462686567
0.620239390642
0.591488719535
0.614285714286
0.680812854442
0.650975800156
0.611408614668
0.677628968254
0.679289696469
0.596250971251
0.744076281287
0.711942841653
0.514568764569
0.606865315852
0.561708554389
0.704772991851
0.63556547619
0.619161676647
0.62095459837
0.754635579218
0.721411145103
0.587786259542
0.653435010554
0.621747066493
0.600508259212
0.684823313134
0.647243923611
0.597966963151
0.639750215332
0.609882964889
0.415501905972
0.658842951479
0.629219200543
0.508132147395
0.715905828309
0.67023802793
0.58618871903
0.760259631491
0.732736416043
0.579991375593
0.685420919899
0.63948069241
0.498062015504
0.620995099887
0.575722750026
0.799263803681
0.717433962264
0.718734177215
0.719381479529
0.680197864322
0.676295024326
0.674311926606
0.757923497268
0.711288315801
0.502123142251
0.607065553494
0.564090752044
0.611899313501
0.661799065421
0.665609058106
0.669724770642
0.63785046729
0.63163507109
0.502123142251
0.571273964131
0.548600714039
