0.692963752665
0.696099674973
0.669063180828
0.607249466951
0.660092491839
0.633366030333
0.684968017058
0.693174431203
0.647864923747
0.698933901919
0.63857039562
0.63379750021
0.688272921109
0.614594594595
0.60656899811
0.409778812573
0.631019218311
0.675029868578
0.609778812573
0.661404028436
0.660238379023
0.607450523865
0.754335423375
0.709151826694
0.6
0.682370219737
0.63548742427
0.323864959255
0.539084431008
0.562901013319
0.604066073698
0.588031572165
0.572478537459
0.700127064803
0.843491461101
0.78347107438
0.786277001271
0.72441012441
0.695595854922
0.411944091487
0.651095360825
0.765363473535
0.684752223634
0.696274763135
0.657714705716
0.785529715762
0.654570637119
0.650055187638
0.742764778325
0.809068124858
0.757805907173
0.870227832512
0.758169221537
0.772844351772
0.740758754864
0.690757774858
0.664674634794
0.596899224806
0.683448753463
0.730463576159
0.695881006865
0.647749686211
0.630765199161
0.708492569002
0.772898706897
0.715109573241
0.586863711002
0.663634846462
0.607114579799
0.7016985138
0.713656753614
0.664119359534
0.509610983982
0.619571596244
0.604060626626
