0.503731343284
0.621966413868
0.577690631808
0.493070362473
0.549102285092
0.514091149174
0.412793176972
0.672508125677
0.63174291939
0.500533049041
0.762317942361
0.695474372955
0.893496801706
0.80015015015
0.810207939509
0.599534342258
0.704410494494
0.669697774238
0.604190919674
0.719342417062
0.672395709178
0.698137369034
0.666779641869
0.65983568937
0.603958090803
0.613794272157
0.597209473104
0.508731082654
0.722414165407
0.665958670738
0.49872935197
0.565077319588
0.582020875795
0.699745870394
0.791309297913
0.750531286895
0.613468869123
0.651909051909
0.608095854922
0.504447268107
0.527303479381
0.497128034093
0.597204574333
0.748133792707
0.69389947419
0.793281653747
0.711218836565
0.710706401766
0.693349753695
0.672818409661
0.65358649789
0.683266625616
0.696252250286
0.708634858334
0.613326848249
0.698423127464
0.637450199203
0.504005167959
0.733933518006
0.716473509934
0.60823798627
0.724403801327
0.667452830189
0.702760084926
0.786099137931
0.741381519928
0.44302134647
0.707943925234
0.653432869585
0.793630573248
0.720551586642
0.711790393013
0.702974828375
0.616490610329
0.61474946273
