loss	sse	Lt	Lp	epoch	time
245797.95353	244037.19221	26.00509	56.76479	1	2019-12-16T20:06:26.99
243391.12003	242746.71199	93.10274	62.05107	4	2019-12-16T20:45:32.806
241795.50652	241410.51497	154.10432	66.65485	7	2019-12-16T21:26:23.347
240961.00461	239859.05443	209.60734	86.70583	10	2019-12-16T22:07:08.765
238792.71239	237605.04869	260.53703	144.68926	13	2019-12-16T22:47:08.555
234946.68072	232359.94349	306.24076	217.97337	16	2019-12-16T23:27:15.462
233246.81345	230224.24898	330.17637	218.29698	19	2019-12-17T00:07:44.479
232860.46573	230402.09600	346.44952	207.14039	22	2019-12-17T00:49:25.894
231462.95489	229032.64212	364.29930	217.34297	25	2019-12-17T01:30:25.547
229439.92136	226704.04172	382.97016	236.81327	28	2019-12-17T02:11:06.436
228194.67137	224478.33289	399.50801	264.91601	31	2019-12-17T02:51:04.594
227345.10952	223313.81979	408.85519	276.02283	34	2019-12-17T03:31:45.583
226145.86012	222528.76137	413.19928	276.43811	37	2019-12-17T04:12:28.162
225450.48594	221863.78968	418.60141	281.82459	40	2019-12-17T04:52:34.549
224246.73938	220591.15926	426.36121	295.66087	43	2019-12-17T05:33:14.543
223596.85542	219318.59407	434.39821	312.93477	46	2019-12-17T06:13:41.534
222874.30509	218445.29298	439.94914	323.15869	49	2019-12-17T06:54:35.326
222143.69670	217851.75227	444.11664	330.22275	52	2019-12-17T07:35:12.946
221504.10503	217131.36605	448.94165	339.98435	55	2019-12-17T08:15:57.26
220745.74017	216264.88444	454.33033	352.66804	58	2019-12-17T08:56:18.144
220210.16754	215559.17985	458.86971	364.28741	61	2019-12-17T09:36:55.553
219549.43870	215005.76008	462.30890	374.21203	64	2019-12-17T10:18:03.7
219005.04048	214432.21673	465.71300	385.42401	67	2019-12-17T10:58:48.105
218532.48146	213809.37009	469.29709	397.91288	70	2019-12-17T11:39:41.688
218112.89547	213248.18938	472.55718	410.16043	73	2019-12-17T12:21:42.856
217656.95069	212755.14957	475.51453	421.62793	76	2019-12-17T13:03:00.153
217123.59724	212260.10862	478.57221	433.73406	79	2019-12-17T13:43:53.516
216696.43563	211741.13330	481.83506	446.72881	82	2019-12-17T14:25:34.141
216226.59653	211239.26626	485.06045	459.96887	85	2019-12-17T15:06:13.316
215811.24739	210760.13414	488.10923	473.18215	88	2019-12-17T15:47:29.27
215458.72548	210284.70463	491.12423	486.60886	91	2019-12-17T16:28:22.398
215008.19209	209824.43934	494.10367	499.93445	94	2019-12-17T17:09:14.032
214601.31577	209365.14850	497.07898	513.57585	97	2019-12-17T17:49:44.741
214175.77596	208908.99393	500.05238	527.28879	100	2019-12-17T18:30:54.03
213826.60845	208464.30267	502.94171	541.11334	103	2019-12-17T19:11:34.847
213427.12602	208025.01889	505.66217	554.77017	106	2019-12-17T19:52:38.945
213057.95216	207599.15670	508.19741	568.55812	109	2019-12-17T20:33:39.744
212751.48480	207184.45819	510.54595	582.20127	112	2019-12-17T21:14:28.044
212397.92743	206781.91826	512.75424	595.64764	115	2019-12-17T21:54:19.522
211996.10891	206388.68437	514.77183	608.84168	118	2019-12-17T22:35:13.836
211716.43019	205994.96372	516.64978	622.10869	121	2019-12-17T23:16:03.651
211386.86759	205621.72370	518.29873	635.13421	124	2019-12-17T23:57:18.863
211085.68944	205263.26699	519.78643	647.95273	127	2019-12-18T00:37:07.706
210855.47000	204904.27954	521.10604	660.58602	130	2019-12-18T01:17:24.4
210499.76590	204563.60613	522.22330	672.89815	133	2019-12-18T01:58:09.964
210180.55731	204232.99528	523.19035	685.03535	136	2019-12-18T02:38:58.386
209970.91284	203910.34478	524.01987	697.15393	139	2019-12-18T03:20:03.172
209650.40006	203603.78483	524.73002	708.87346	142	2019-12-18T04:01:27.015
209463.37083	203300.13242	525.42285	720.57134	145	2019-12-18T04:42:49.352
209194.29843	203005.09052	525.98635	732.01286	148	2019-12-18T05:23:56.744
208942.44736	202720.12606	526.42415	743.18962	151	2019-12-18T06:05:38.594
208652.64153	202447.08402	526.79516	754.29423	154	2019-12-18T06:46:29.724
208445.67519	202178.91795	527.10053	765.42583	157	2019-12-18T07:26:51.892
208229.53248	201921.64600	527.34126	776.32951	160	2019-12-18T08:08:14.426
208039.02854	201673.18517	527.50814	787.12852	163	2019-12-18T08:49:59.139
207828.89805	201427.60185	527.64404	797.74905	166	2019-12-18T09:31:00.675
207615.50868	201197.77563	527.76849	808.16331	169	2019-12-18T10:11:41.167
207398.03636	200968.08636	527.81193	818.43764	172	2019-12-18T10:52:12.33
207265.13403	200744.80272	527.72221	828.62151	175	2019-12-18T11:31:50.643
206992.41290	200533.29997	527.58898	838.54153	178	2019-12-18T12:13:02.604
206888.85725	200327.05371	527.44559	848.42995	181	2019-12-18T12:55:09.777
206713.50342	200130.29242	527.31162	858.17649	184	2019-12-18T13:35:45.937
206522.75567	199931.24614	527.16278	867.79752	187	2019-12-18T14:15:52.819
206338.49745	199740.61402	526.98528	877.34016	190	2019-12-18T14:56:40.896
206173.65054	199556.73751	526.70788	886.83349	193	2019-12-18T15:37:13.998
206008.20579	199378.72231	526.34126	896.11154	196	2019-12-18T16:14:44.957
205921.40346	199204.29732	525.95123	905.40840	199	2019-12-18T16:49:49.281
205785.75136	199037.81748	525.58005	914.42295	202	2019-12-18T17:24:40.141
205612.32420	198875.65004	525.21100	923.33126	205	2019-12-18T17:58:56.359
205446.10764	198716.05116	524.87665	932.12315	208	2019-12-18T18:33:29.413
205346.07978	198558.33403	524.40825	940.96762	211	2019-12-18T19:08:15.605
205173.27925	198410.65730	523.91979	949.57468	214	2019-12-18T19:41:51.163
205085.34937	198266.08758	523.45622	958.16352	217	2019-12-18T20:16:22.713
204957.14258	198122.68757	522.95988	966.59042	220	2019-12-18T20:50:28.825
204835.55343	197981.58096	522.43072	974.97892	223	2019-12-18T21:24:20.472
204687.08488	197844.47472	521.85402	983.22412	226	2019-12-18T21:57:49.077
204595.32444	197712.57893	521.23380	991.38667	229	2019-12-18T22:31:13.694
204516.46801	197585.35926	520.54377	999.36080	232	2019-12-18T23:04:43.484
204413.98044	197460.60074	519.85668	1007.16140	235	2019-12-18T23:38:09.499
204258.24617	197339.69751	519.19282	1014.80439	238	2019-12-19T00:11:22.846
204207.24290	197220.53462	518.55118	1022.33527	241	2019-12-19T00:45:06.03
204051.33209	197104.90434	517.85095	1029.86946	244	2019-12-19T01:18:58.608
203965.41215	196993.03591	517.09779	1037.26198	247	2019-12-19T01:52:44.636
203889.35956	196880.00900	516.40323	1044.61385	250	2019-12-19T02:26:36.119
203782.71184	196770.42779	515.67048	1051.85971	253	2019-12-19T03:00:18.057
203743.88484	196667.99017	514.90769	1058.95481	256	2019-12-19T03:33:41.9
203620.44471	196568.32996	514.14202	1065.85160	259	2019-12-19T04:07:35.81
203454.87307	196468.44534	513.42674	1072.74756	262	2019-12-19T04:41:41.377
203457.39947	196367.93316	512.70950	1079.66177	265	2019-12-19T05:14:53.376
203331.86100	196273.00558	511.91673	1086.36543	268	2019-12-19T05:48:52.513
203330.96855	196181.44463	511.12873	1093.05569	271	2019-12-19T06:23:04.738
203238.07185	196092.50392	510.35643	1099.39682	274	2019-12-19T06:56:42.099
203081.42974	196004.15010	509.57924	1105.72864	277	2019-12-19T07:30:15.771
202994.27805	195917.39678	508.74803	1111.97472	280	2019-12-19T08:04:03.992
202952.94592	195834.83844	507.98910	1118.24858	283	2019-12-19T08:37:48.363
202861.69704	195751.01207	507.22751	1124.35421	286	2019-12-19T09:11:18.694
202841.77857	195670.79522	506.48192	1130.46275	289	2019-12-19T09:45:00.832
202816.79079	195593.07833	505.72923	1136.41975	292	2019-12-19T10:18:32.692
202700.22122	195515.04658	504.92876	1142.29898	295	2019-12-19T10:51:56.198
202569.20193	195441.37721	504.14781	1147.98350	298	2019-12-19T11:26:17.806
202572.31574	195364.98233	503.36298	1153.82215	301	2019-12-19T11:59:53.845
202455.84994	195293.73093	502.54257	1159.51366	304	2019-12-19T12:33:46.947
202455.04956	195227.83495	501.71843	1165.12041	307	2019-12-19T13:07:31.17
202408.00566	195159.11047	500.98587	1170.64687	310	2019-12-19T13:40:33.149
202301.61515	195090.03585	500.26643	1176.10351	313	2019-12-19T14:14:11.566
202226.59246	195021.95430	499.48759	1181.46377	316	2019-12-19T14:48:32.007
202176.95450	194958.56680	498.71419	1186.85164	319	2019-12-19T15:22:07.267
202114.78279	194897.89860	497.95018	1192.03167	322	2019-12-19T15:55:59.601
202119.12992	194835.66582	497.23178	1197.32772	325	2019-12-19T16:29:49.368
202067.28133	194772.12872	496.52592	1202.50728	328	2019-12-19T17:03:34.071
201996.81913	194715.78650	495.75443	1207.53032	331	2019-12-19T17:41:18.76
201870.62548	194657.74289	495.02366	1212.51353	334	2019-12-19T18:21:12.252
201847.95750	194599.47348	494.32591	1217.57338	337	2019-12-19T19:01:25.064
201789.95750	194543.98943	493.61499	1222.51576	340	2019-12-19T19:41:51.414
201796.35844	194489.90402	492.90511	1227.41592	343	2019-12-19T20:23:25.154
201736.78633	194438.11977	492.16571	1232.16984	346	2019-12-19T21:04:17.528
201674.88051	194383.73801	491.51234	1236.95079	349	2019-12-19T21:44:57.294
201606.53081	194330.35916	490.80947	1241.71104	352	2019-12-19T22:25:45.828
201600.28510	194280.30170	490.08103	1246.42431	355	2019-12-19T23:07:21.338
201478.97283	194231.59053	489.36977	1251.04789	358	2019-12-19T23:48:17.038
201528.48855	194182.02691	488.63977	1255.65703	361	2019-12-20T00:29:16.992
201472.38309	194136.91012	487.89576	1260.12354	364	2019-12-20T01:09:46.784
201397.88429	194092.56654	487.20539	1264.56507	367	2019-12-20T01:50:42.759
201366.04678	194042.47545	486.60938	1269.02791	370	2019-12-20T02:31:11.567
201297.23890	193999.69410	485.92153	1273.45718	373	2019-12-20T03:12:29.932
201282.70121	193951.75247	485.26964	1277.84200	376	2019-12-20T03:53:58.924
201269.42355	193911.13359	484.57471	1282.14848	379	2019-12-20T04:35:04.31
201248.96171	193868.86637	483.93457	1286.37937	382	2019-12-20T05:15:57.686
201218.75024	193827.45177	483.32983	1290.51694	385	2019-12-20T05:56:49.99
201089.07938	193787.36845	482.72000	1294.60827	388	2019-12-20T06:38:13.455
201120.58832	193743.36146	482.08765	1298.77361	391	2019-12-20T07:19:12.245
201034.27711	193707.29576	481.37533	1302.79182	394	2019-12-20T08:00:31.891
201039.93414	193667.82780	480.79203	1306.90410	397	2019-12-20T08:41:27.625
201027.26238	193628.54750	480.22206	1310.92020	400	2019-12-20T09:22:00.282
200961.20227	193589.04737	479.60402	1314.93048	403	2019-12-20T10:02:20.128
200851.80345	193553.22116	478.99778	1318.81130	406	2019-12-20T10:41:55.879
200898.53671	193513.50613	478.42009	1322.85943	409	2019-12-20T11:22:10.813
200854.15495	193479.98377	477.79245	1326.76150	412	2019-12-20T12:02:29.498
200853.62144	193445.09969	477.23100	1330.60033	415	2019-12-20T12:43:02.422
200800.94949	193407.15548	476.71511	1334.43291	418	2019-12-20T13:24:37.472
200779.35371	193374.70700	476.10932	1338.23885	421	2019-12-20T14:06:18.427
200699.55337	193339.43159	475.56813	1342.03237	424	2019-12-20T14:43:47.475
200695.08697	193304.39517	474.99984	1345.83328	427	2019-12-20T15:19:10.489
200637.14108	193269.86953	474.46561	1349.51214	430	2019-12-20T15:54:41.408
200641.90538	193239.63684	473.83113	1353.27211	433	2019-12-20T16:30:24.599
200648.66246	193206.62326	473.30147	1356.93687	436	2019-12-20T17:06:20.314
200581.40517	193171.84148	472.82394	1360.54869	439	2019-12-20T17:41:59.824
200526.30101	193141.37510	472.25961	1364.14008	442	2019-12-20T18:17:50.654
200516.03733	193110.35550	471.67902	1367.78232	445	2019-12-20T18:54:42.048
200440.90497	193078.37404	471.13416	1371.39763	448	2019-12-20T19:30:55.881
200520.31729	193046.98880	470.58357	1375.01417	451	2019-12-20T20:06:52.349
200440.57773	193019.29165	470.03625	1378.48806	454	2019-12-20T20:43:26.192
200404.86185	192985.37199	469.60665	1382.00533	457	2019-12-20T21:20:09.894
200338.62918	192956.18532	469.06327	1385.43044	460	2019-12-20T21:56:33.424
200325.73710	192926.18466	468.51206	1388.92594	463	2019-12-20T22:32:25.268
200300.55059	192898.08043	467.94647	1392.34724	466	2019-12-20T23:08:08.14
200320.90938	192867.38456	467.49053	1395.83900	469	2019-12-20T23:43:39.313
200312.43422	192839.46601	467.00554	1399.25707	472	2019-12-21T00:19:03.849
200277.69370	192812.12548	466.47038	1402.57600	475	2019-12-21T00:55:17.568
200138.63896	192784.14372	465.90927	1405.87128	478	2019-12-21T01:31:05.536
200219.09846	192754.19943	465.46556	1409.27182	481	2019-12-21T02:07:16.491
200150.45615	192723.74582	464.97433	1412.60809	484	2019-12-21T02:43:05.742
200167.21583	192698.81208	464.35076	1415.83490	487	2019-12-21T03:18:28.974
200172.76575	192673.51714	463.82532	1419.00312	490	2019-12-21T03:52:38.893
200079.23481	192647.07066	463.34943	1422.23182	493	2019-12-21T04:26:56.097
200037.65525	192619.81876	462.90515	1425.36274	496	2019-12-21T05:01:12.357
200026.53555	192591.29032	462.50883	1428.63071	499	2019-12-21T05:35:10.221
