0.700106609808
0.746966413868
0.722897603486
0.506396588486
0.618335146899
0.583830076209
0.589765458422
0.701408450704
0.646623093682
0.604051172708
0.682729056916
0.649903531583
0.501599147122
0.664624624625
0.609097353497
0.601164144354
0.613231483481
0.592481968229
0.512805587893
0.665136255924
0.611013110846
0.597904540163
0.593797661413
0.575041307142
0.792549476135
0.666949104672
0.675279970626
0.600698486612
0.682250053984
0.686313553697
0.506353240152
0.651296713918
0.603606942128
0.607369758577
0.786565464896
0.720779220779
0.617534942821
0.71951951952
0.677331606218
0.408894536213
0.716172680412
0.76548699895
0.605336721728
0.772250933104
0.767399785153
0.601033591731
0.655713296399
0.625137969095
0.561884236453
0.635680109364
0.585569620253
0.627616995074
0.712481588566
0.672656281941
0.622892347601
0.686487078406
0.67997241802
0.494832041344
0.584626038781
0.544370860927
0.693592677346
0.695535233997
0.671580188679
0.79872611465
0.86871408046
0.829040112777
0.582594417077
0.815754339119
0.721298495645
0.692781316348
0.763581990364
0.711123241145
0.704347826087
0.714495305164
0.700938807827
