0.796375266525
0.771099674973
0.764335511983
0.600639658849
0.561298512876
0.555987323625
0.405756929638
0.725135427952
0.716427015251
0.509061833689
0.612643321971
0.585122892375
0.700106609808
0.694864864865
0.688516068053
0.796041909197
0.682951846254
0.69166777291
0.702444703143
0.693305687204
0.677520858164
0.602095459837
0.714398689488
0.683220121168
0.406286379511
0.737841043891
0.698320176244
0.509662398137
0.654664219391
0.687995044028
0.502541296061
0.560567010309
0.534401828176
0.509529860229
0.761214421252
0.686540731995
0.513977128335
0.655941655942
0.596340673575
0.311817026684
0.745731314433
0.775924896547
0.606861499365
0.770743611829
0.723016905072
0.697674418605
0.734210526316
0.709657836645
0.509852216749
0.651002506266
0.62746835443
0.749846059113
0.781572200098
0.796189541682
0.561770428016
0.747335377427
0.71013382368
0.597157622739
0.68836565097
0.658333333333
0.60823798627
0.685673301058
0.648715932914
0.704246284501
0.827765804598
0.776047673972
0.513957307061
0.668891855808
0.649813369528
0.705520169851
0.721631500249
0.696263949539
0.5
0.658817488263
0.600158353127
