0.52078891258
0.672084693507
0.635252395684
0.503731343284
0.597559912854
0.593811610077
0.497331910352
0.64810029017
0.585998539613
0.600639658849
0.644790533188
0.622255338414
0.583795309168
0.662381852552
0.592388758782
0.52677532014
0.667584325397
0.606029320669
0.525641025641
0.760643623361
0.72030747783
0.684343434343
0.719284862932
0.692831971498
0.70302677532
0.753199404762
0.709105926079
0.51338766007
0.641178630439
0.58773186694
0.498727735369
0.6572138626
0.585684485007
0.507623888183
0.677333696466
0.610107421875
0.599491740788
0.775337352857
0.710182620003
0.61041931385
0.599554981338
0.5801436083
0.4416772554
0.612187769165
0.537343811839
0.648743630293
0.718854690117
0.656731673413
0.509055627426
0.627476882431
0.56710100818
0.801033591731
0.756187963312
0.752783736847
0.494478527607
0.604377358491
0.615991561181
0.72430152873
0.738902847571
0.719735066847
0.659021406728
0.695628415301
0.63120687705
0.699787685775
0.677643784787
0.666474720719
0.693135011442
0.635680907877
0.652295632699
0.670489296636
0.674482643525
0.651244075829
0.509554140127
0.600340136054
0.572152481861
